Copyright 1986-2018 Xilinx, Inc. All Rights Reserved.
--------------------------------------------------------------------------------------------------------------------------------------------------------------------------------------------------------------------------------
| Tool Version : Vivado v.2018.2 (lin64) Build 2258646 Thu Jun 14 20:02:38 MDT 2018
| Date         : Fri Oct 26 17:16:28 2018
| Host         : tao-linux-vmware running 64-bit Manjaro Linux
| Command      : report_methodology -file D_ff_with_synch_reset_behavior_methodology_drc_routed.rpt -pb D_ff_with_synch_reset_behavior_methodology_drc_routed.pb -rpx D_ff_with_synch_reset_behavior_methodology_drc_routed.rpx
| Design       : D_ff_with_synch_reset_behavior
| Device       : xc7a100tcsg324-1
| Speed File   : -1
| Design State : Routed
--------------------------------------------------------------------------------------------------------------------------------------------------------------------------------------------------------------------------------

Report Methodology

Table of Contents
-----------------
1. REPORT SUMMARY
2. REPORT DETAILS

1. REPORT SUMMARY
-----------------
            Netlist: netlist
          Floorplan: design_1
      Design limits: <entire design considered>
             Max violations: <unlimited>
             Violations found: 1
+-----------+----------+-----------------------------+------------+
| Rule      | Severity | Description                 | Violations |
+-----------+----------+-----------------------------+------------+
| TIMING-17 | Warning  | Non-clocked sequential cell | 1          |
+-----------+----------+-----------------------------+------------+

2. REPORT DETAILS
-----------------
TIMING-17#1 Warning
Non-clocked sequential cell  
The clock pin Q_reg/C is not reached by a timing clock
Related violations: <none>


